mch529
*   bb51ad9 commit 9, 5th on master
|\
| *   4330ccd 7th commit, third on branch 1
| |\
| | * d5bed65 3rd commit , first on branch
* | |   a54ed60 commit 8, 4th on master
|\ \ \
| |/ /
| * |   dcb67e4 Merge branch 'branch3' into branch1
| |\ \
| | |/
| |/|
| * | 80ba439 2nd commit, first on branch1
* | | c15cb4f 5th commit, 3rd on master
| |/
|/|
* | 6374f5f 4th commit, second on master
|/
* 89345b9 1st commit (1st on master

mtd368
*   a3450f9 9th commit (5th on master)
|\
| *   e639b3c 7th commit (3rd branch1)
| |\
| | * 60de7c1 3rd commit (1st on branch2)
* | |   e3ea62a 8th commit (4th on master)
|\ \ \
| |/ /
| * |   57d9d3f 6th commit (2nd on branch2)
| |\ \
| | |/
| |/|
| * | 7889509 2nd commit (1st on branch1)
* | | 350205f 5th commit (3rd on master)
| |/
|/|
* | 737dec5 4th commit (2nd on master)
|/
* 8d2eb2e 1st commit (1st on master)
